生成启动时间为 2016-02-19 11:43:39。
     1>项目“E:\GitHubForks\learnopenGL\LearnOpenGL\LearnOpenGL\LearnOpenGL.vcxproj”在节点 2 上(Build 个目标)。
     1>Link:
         C:\Program Files (x86)\Microsoft Visual Studio 12.0\VC\bin\link.exe /ERRORREPORT:PROMPT /OUT:"E:\GitHubForks\learnopenGL\LearnOpenGL\Debug\LearnOpenGL.exe" /INCREMENTAL /NOLOGO glew32s.lib glfw3.lib opengl32.lib kernel32.lib user32.lib gdi32.lib winspool.lib comdlg32.lib advapi32.lib shell32.lib ole32.lib oleaut32.lib uuid.lib odbc32.lib odbccp32.lib /NODEFAULTLIB:libcmtd.lib /NODEFAULTLIB:libcmt.lib /MANIFEST /MANIFESTUAC:"level='asInvoker' uiAccess='false'" /manifest:embed /DEBUG /PDB:"E:\GitHubForks\learnopenGL\LearnOpenGL\Debug\LearnOpenGL.pdb" /TLBID:1 /DYNAMICBASE /NXCOMPAT /IMPLIB:"E:\GitHubForks\learnopenGL\LearnOpenGL\Debug\LearnOpenGL.lib" /MACHINE:X86 Debug\hellowindow.obj
         Debug\shader.obj
     1>LINK : warning LNK4098: 默认库“MSVCRT”与其他库的使用冲突；请使用 /NODEFAULTLIB:library
     1>shader.obj : warning LNK4049: 已导入本地定义的符号 ___glewAttachShader
     1>shader.obj : warning LNK4049: 已导入本地定义的符号 ___glewCompileShader
     1>shader.obj : warning LNK4049: 已导入本地定义的符号 ___glewCreateProgram
     1>shader.obj : warning LNK4049: 已导入本地定义的符号 ___glewCreateShader
     1>shader.obj : warning LNK4049: 已导入本地定义的符号 ___glewDeleteShader
     1>shader.obj : warning LNK4049: 已导入本地定义的符号 ___glewGetProgramInfoLog
     1>shader.obj : warning LNK4049: 已导入本地定义的符号 ___glewGetProgramiv
     1>shader.obj : warning LNK4049: 已导入本地定义的符号 ___glewGetShaderInfoLog
     1>shader.obj : warning LNK4049: 已导入本地定义的符号 ___glewGetShaderiv
     1>shader.obj : warning LNK4049: 已导入本地定义的符号 ___glewLinkProgram
     1>shader.obj : warning LNK4049: 已导入本地定义的符号 ___glewShaderSource
     1>shader.obj : warning LNK4049: 已导入本地定义的符号 ___glewUseProgram
     1>glew32s.lib(glew.obj) : warning LNK4099: 未找到 PDB“vc120.pdb”(使用“glew32s.lib(glew.obj)”或在“E:\GitHubForks\learnopenGL\LearnOpenGL\Debug\vc120.pdb”中寻找)；正在链接对象，如同没有调试信息一样
         LearnOpenGL.vcxproj -> E:\GitHubForks\learnopenGL\LearnOpenGL\Debug\LearnOpenGL.exe
     1>已完成生成项目“E:\GitHubForks\learnopenGL\LearnOpenGL\LearnOpenGL\LearnOpenGL.vcxproj”(Build 个目标)的操作。

生成成功。

已用时间 00:00:00.43
